android/app/build/intermediates/manifest_merge_blame_file/debug/processDebugMainManifest/manifest-merger-blame-debug-report.txt
1<?xml version="1.0" encoding="utf-8"?>
2<manifest xmlns:android="http://schemas.android.com/apk/res/android"
3    package="com.classroom.iot"
4    android:versionCode="1"
5    android:versionName="1.0" >
6
7    <uses-sdk
8        android:minSdkVersion="24"
9        android:targetSdkVersion="34" />
10
11    <uses-permission android:name="android.permission.INTERNET" />
11-->src/main/AndroidManifest.xml:4:5-67
11-->src/main/AndroidManifest.xml:4:22-64
12    <uses-permission android:name="android.permission.ACCESS_NETWORK_STATE" />
12-->src/main/AndroidManifest.xml:5:5-79
12-->src/main/AndroidManifest.xml:5:22-76
13    <uses-permission android:name="android.permission.REQUEST_INSTALL_PACKAGES" />
13-->src/main/AndroidManifest.xml:6:5-83
13-->src/main/AndroidManifest.xml:6:22-80
14
15    <permission
15-->[androidx.core:core:1.12.0] AndroidManifest.xml:22:5-24:47
16        android:name="com.classroom.iot.DYNAMIC_RECEIVER_NOT_EXPORTED_PERMISSION"
16-->[androidx.core:core:1.12.0] AndroidManifest.xml:23:9-81
17        android:protectionLevel="signature" />
17-->[androidx.core:core:1.12.0] AndroidManifest.xml:24:9-44
18
19    <uses-permission android:name="com.classroom.iot.DYNAMIC_RECEIVER_NOT_EXPORTED_PERMISSION" />
19-->[androidx.core:core:1.12.0] AndroidManifest.xml:26:5-97
19-->[androidx.core:core:1.12.0] AndroidManifest.xml:26:22-94
20
21    <application
21-->src/main/AndroidManifest.xml:8:5-53:19
22        android:name="com.classroom.iot.ClassroomIoTApp"
22-->src/main/AndroidManifest.xml:9:9-40
23        android:allowBackup="true"
23-->src/main/AndroidManifest.xml:10:9-35
24        android:appComponentFactory="androidx.core.app.CoreComponentFactory"
24-->[androidx.core:core:1.12.0] AndroidManifest.xml:28:18-86
25        android:debuggable="true"
26        android:extractNativeLibs="false"
27        android:icon="@android:drawable/sym_def_app_icon"
27-->src/main/AndroidManifest.xml:11:9-58
28        android:label="@string/app_name"
28-->src/main/AndroidManifest.xml:12:9-41
29        android:networkSecurityConfig="@xml/network_security_config"
29-->src/main/AndroidManifest.xml:13:9-69
30        android:supportsRtl="true"
30-->src/main/AndroidManifest.xml:14:9-35
31        android:theme="@style/Theme.ClassroomIoT" >
31-->src/main/AndroidManifest.xml:15:9-50
32        <activity
32-->src/main/AndroidManifest.xml:16:9-18:40
33            android:name="com.classroom.iot.AboutActivity"
33-->src/main/AndroidManifest.xml:17:13-42
34            android:exported="false" />
34-->src/main/AndroidManifest.xml:18:13-37
35        <activity
35-->src/main/AndroidManifest.xml:19:9-21:40
36            android:name="com.classroom.iot.ServerListActivity"
36-->src/main/AndroidManifest.xml:20:13-47
37            android:exported="false" />
37-->src/main/AndroidManifest.xml:21:13-37
38        <activity
38-->src/main/AndroidManifest.xml:22:9-24:40
39            android:name="com.classroom.iot.ChangePasswordActivity"
39-->src/main/AndroidManifest.xml:23:13-51
40            android:exported="false" />
40-->src/main/AndroidManifest.xml:24:13-37
41        <activity
41-->src/main/AndroidManifest.xml:25:9-27:40
42            android:name="com.classroom.iot.AccountManagementActivity"
42-->src/main/AndroidManifest.xml:26:13-54
43            android:exported="false" />
43-->src/main/AndroidManifest.xml:27:13-37
44        <activity
44-->src/main/AndroidManifest.xml:28:9-30:40
45            android:name="com.classroom.iot.LoginActivity"
45-->src/main/AndroidManifest.xml:29:13-42
46            android:exported="false" /> <!-- 启动入口改到这里 -->
46-->src/main/AndroidManifest.xml:30:13-37
47        <activity
47-->src/main/AndroidManifest.xml:31:9-39:20
48            android:name="com.classroom.iot.MainActivity"
48-->src/main/AndroidManifest.xml:32:13-41
49            android:exported="true" >
49-->src/main/AndroidManifest.xml:33:13-36
50            <intent-filter>
50-->src/main/AndroidManifest.xml:34:13-38:29
51                <action android:name="android.intent.action.MAIN" />
51-->src/main/AndroidManifest.xml:35:17-69
51-->src/main/AndroidManifest.xml:35:25-66
52
53                <category android:name="android.intent.category.LAUNCHER" />
53-->src/main/AndroidManifest.xml:37:17-77
53-->src/main/AndroidManifest.xml:37:27-74
54            </intent-filter>
55        </activity>
56        <activity android:name="com.classroom.iot.CourseListActivity" />
56-->src/main/AndroidManifest.xml:40:9-56
56-->src/main/AndroidManifest.xml:40:19-53
57        <activity android:name="com.classroom.iot.CourseDetailActivity" />
57-->src/main/AndroidManifest.xml:41:9-58
57-->src/main/AndroidManifest.xml:41:19-55
58        <activity
58-->src/main/AndroidManifest.xml:16:9-18:40
59            android:name="com.classroom.iot.AboutActivity"
59-->src/main/AndroidManifest.xml:17:13-42
60            android:exported="false" />
60-->src/main/AndroidManifest.xml:18:13-37
61
62        <provider
63            android:name="androidx.core.content.FileProvider"
63-->src/main/AndroidManifest.xml:44:13-62
64            android:authorities="com.classroom.iot.fileprovider"
64-->src/main/AndroidManifest.xml:45:13-64
65            android:exported="false"
65-->src/main/AndroidManifest.xml:46:13-37
66            android:grantUriPermissions="true" >
66-->src/main/AndroidManifest.xml:47:13-47
67            <meta-data
67-->src/main/AndroidManifest.xml:48:13-50:54
68                android:name="android.support.FILE_PROVIDER_PATHS"
68-->src/main/AndroidManifest.xml:49:17-67
69                android:resource="@xml/file_paths" />
69-->src/main/AndroidManifest.xml:50:17-51
70        </provider>
71        <provider
71-->[androidx.emoji2:emoji2:1.2.0] AndroidManifest.xml:24:9-32:20
72            android:name="androidx.startup.InitializationProvider"
72-->[androidx.emoji2:emoji2:1.2.0] AndroidManifest.xml:25:13-67
73            android:authorities="com.classroom.iot.androidx-startup"
73-->[androidx.emoji2:emoji2:1.2.0] AndroidManifest.xml:26:13-68
74            android:exported="false" >
74-->[androidx.emoji2:emoji2:1.2.0] AndroidManifest.xml:27:13-37
75            <meta-data
75-->[androidx.emoji2:emoji2:1.2.0] AndroidManifest.xml:29:13-31:52
76                android:name="androidx.emoji2.text.EmojiCompatInitializer"
76-->[androidx.emoji2:emoji2:1.2.0] AndroidManifest.xml:30:17-75
77                android:value="androidx.startup" />
77-->[androidx.emoji2:emoji2:1.2.0] AndroidManifest.xml:31:17-49
78            <meta-data
78-->[androidx.lifecycle:lifecycle-process:2.7.0] AndroidManifest.xml:29:13-31:52
79                android:name="androidx.lifecycle.ProcessLifecycleInitializer"
79-->[androidx.lifecycle:lifecycle-process:2.7.0] AndroidManifest.xml:30:17-78
80                android:value="androidx.startup" />
80-->[androidx.lifecycle:lifecycle-process:2.7.0] AndroidManifest.xml:31:17-49
81            <meta-data
81-->[androidx.profileinstaller:profileinstaller:1.3.1] AndroidManifest.xml:29:13-31:52
82                android:name="androidx.profileinstaller.ProfileInstallerInitializer"
82-->[androidx.profileinstaller:profileinstaller:1.3.1] AndroidManifest.xml:30:17-85
83                android:value="androidx.startup" />
83-->[androidx.profileinstaller:profileinstaller:1.3.1] AndroidManifest.xml:31:17-49
84        </provider>
85
86        <receiver
86-->[androidx.profileinstaller:profileinstaller:1.3.1] AndroidManifest.xml:34:9-52:20
87            android:name="androidx.profileinstaller.ProfileInstallReceiver"
87-->[androidx.profileinstaller:profileinstaller:1.3.1] AndroidManifest.xml:35:13-76
88            android:directBootAware="false"
88-->[androidx.profileinstaller:profileinstaller:1.3.1] AndroidManifest.xml:36:13-44
89            android:enabled="true"
89-->[androidx.profileinstaller:profileinstaller:1.3.1] AndroidManifest.xml:37:13-35
90            android:exported="true"
90-->[androidx.profileinstaller:profileinstaller:1.3.1] AndroidManifest.xml:38:13-36
91            android:permission="android.permission.DUMP" >
91-->[androidx.profileinstaller:profileinstaller:1.3.1] AndroidManifest.xml:39:13-57
92            <intent-filter>
92-->[androidx.profileinstaller:profileinstaller:1.3.1] AndroidManifest.xml:40:13-42:29
93                <action android:name="androidx.profileinstaller.action.INSTALL_PROFILE" />
93-->[androidx.profileinstaller:profileinstaller:1.3.1] AndroidManifest.xml:41:17-91
93-->[androidx.profileinstaller:profileinstaller:1.3.1] AndroidManifest.xml:41:25-88
94            </intent-filter>
95            <intent-filter>
95-->[androidx.profileinstaller:profileinstaller:1.3.1] AndroidManifest.xml:43:13-45:29
96                <action android:name="androidx.profileinstaller.action.SKIP_FILE" />
96-->[androidx.profileinstaller:profileinstaller:1.3.1] AndroidManifest.xml:44:17-85
96-->[androidx.profileinstaller:profileinstaller:1.3.1] AndroidManifest.xml:44:25-82
97            </intent-filter>
98            <intent-filter>
98-->[androidx.profileinstaller:profileinstaller:1.3.1] AndroidManifest.xml:46:13-48:29
99                <action android:name="androidx.profileinstaller.action.SAVE_PROFILE" />
99-->[androidx.profileinstaller:profileinstaller:1.3.1] AndroidManifest.xml:47:17-88
99-->[androidx.profileinstaller:profileinstaller:1.3.1] AndroidManifest.xml:47:25-85
100            </intent-filter>
101            <intent-filter>
101-->[androidx.profileinstaller:profileinstaller:1.3.1] AndroidManifest.xml:49:13-51:29
102                <action android:name="androidx.profileinstaller.action.BENCHMARK_OPERATION" />
102-->[androidx.profileinstaller:profileinstaller:1.3.1] AndroidManifest.xml:50:17-95
102-->[androidx.profileinstaller:profileinstaller:1.3.1] AndroidManifest.xml:50:25-92
103            </intent-filter>
104        </receiver>
105    </application>
106
107</manifest>